<?xml version="1.0" encoding="UTF-8"?>
<!-- Generated by org.testng.reporters.JUnitXMLReporter -->
<testsuite ignored="0" hostname="MSI" failures="1" tests="1" name="Test" time="0.07" errors="0" timestamp="2025-03-04T12:12:48 IST">
  <testcase classname="testBase.BaseClass" name="@AfterClass tearDown" time="0.0">
    <failure type="java.lang.NullPointerException" message="Cannot invoke &amp;quot;org.openqa.selenium.WebDriver.close()&amp;quot; because &amp;quot;this.driver&amp;quot; is null">
      <![CDATA[java.lang.NullPointerException: Cannot invoke "org.openqa.selenium.WebDriver.close()" because "this.driver" is null
at testBase.BaseClass.tearDown(BaseClass.java:41)
at java.base/java.util.ArrayList.forEach(ArrayList.java:1596)
... Removed 24 stack frames]]>
    </failure>
  </testcase> <!-- @AfterClass tearDown -->
  <testcase classname="testCases.TC01_AccountRegistration" name="cechAccountCreation" time="0.024">
    <failure type="java.lang.AssertionError" message="null">
      <![CDATA[java.lang.AssertionError: null
at testCases.TC01_AccountRegistration.cechAccountCreation(TC01_AccountRegistration.java:43)
at java.base/java.util.ArrayList.forEach(ArrayList.java:1596)
... Removed 27 stack frames]]>
    </failure>
  </testcase> <!-- cechAccountCreation -->
</testsuite> <!-- Test -->
