<?xml version="1.0" encoding="UTF-8"?>
<testng-results ignored="0" total="2" passed="2" failed="0" skipped="0">
  <reporter-output>
  </reporter-output>
  <suite started-at="2025-03-08T12:10:55 IST" name="MasterSuite" finished-at="2025-03-08T12:11:04 IST" duration-ms="8953">
    <groups>
      <group name="regression">
        <method signature="TC02_LoginTest.checkLogin()[pri:0, instance:testCases.TC02_LoginTest@6cc558c6]" name="checkLogin" class="testCases.TC02_LoginTest"/>
      </group> <!-- regression -->
      <group name="sanity">
        <method signature="TC01_AccountRegistration.checkAccountCreation()[pri:0, instance:testCases.TC01_AccountRegistration@67d18ed7]" name="checkAccountCreation" class="testCases.TC01_AccountRegistration"/>
      </group> <!-- sanity -->
      <group name="master">
        <method signature="TC01_AccountRegistration.checkAccountCreation()[pri:0, instance:testCases.TC01_AccountRegistration@67d18ed7]" name="checkAccountCreation" class="testCases.TC01_AccountRegistration"/>
        <method signature="TC02_LoginTest.checkLogin()[pri:0, instance:testCases.TC02_LoginTest@6cc558c6]" name="checkLogin" class="testCases.TC02_LoginTest"/>
      </group> <!-- master -->
    </groups>
    <test started-at="2025-03-08T12:10:55 IST" name="Test" finished-at="2025-03-08T12:11:04 IST" duration-ms="8953">
      <class name="testCases.TC01_AccountRegistration">
        <test-method is-config="true" signature="setup(java.lang.String,java.lang.String)[pri:0, instance:testCases.TC01_AccountRegistration@67d18ed7]" started-at="2025-03-08T12:10:55 IST" name="setup" finished-at="2025-03-08T12:10:58 IST" duration-ms="3170" status="PASS">
          <params>
            <param index="0">
              <value>
                <![CDATA[Windows]]>
              </value>
            </param>
            <param index="1">
              <value>
                <![CDATA[Chrome]]>
              </value>
            </param>
          </params>
          <reporter-output>
          </reporter-output>
        </test-method> <!-- setup -->
        <test-method signature="checkAccountCreation()[pri:0, instance:testCases.TC01_AccountRegistration@67d18ed7]" started-at="2025-03-08T12:10:58 IST" name="checkAccountCreation" finished-at="2025-03-08T12:11:00 IST" duration-ms="1544" status="PASS">
          <reporter-output>
          </reporter-output>
        </test-method> <!-- checkAccountCreation -->
        <test-method is-config="true" signature="tearDown()[pri:0, instance:testCases.TC01_AccountRegistration@67d18ed7]" started-at="2025-03-08T12:11:00 IST" name="tearDown" finished-at="2025-03-08T12:11:00 IST" duration-ms="117" status="PASS">
          <reporter-output>
          </reporter-output>
        </test-method> <!-- tearDown -->
      </class> <!-- testCases.TC01_AccountRegistration -->
      <class name="testCases.TC02_LoginTest">
        <test-method is-config="true" signature="setup(java.lang.String,java.lang.String)[pri:0, instance:testCases.TC02_LoginTest@6cc558c6]" started-at="2025-03-08T12:11:00 IST" name="setup" finished-at="2025-03-08T12:11:03 IST" duration-ms="2634" status="PASS">
          <params>
            <param index="0">
              <value>
                <![CDATA[Windows]]>
              </value>
            </param>
            <param index="1">
              <value>
                <![CDATA[Chrome]]>
              </value>
            </param>
          </params>
          <reporter-output>
          </reporter-output>
        </test-method> <!-- setup -->
        <test-method signature="checkLogin()[pri:0, instance:testCases.TC02_LoginTest@6cc558c6]" started-at="2025-03-08T12:11:03 IST" name="checkLogin" finished-at="2025-03-08T12:11:04 IST" duration-ms="1230" status="PASS">
          <reporter-output>
          </reporter-output>
        </test-method> <!-- checkLogin -->
        <test-method is-config="true" signature="tearDown()[pri:0, instance:testCases.TC02_LoginTest@6cc558c6]" started-at="2025-03-08T12:11:04 IST" name="tearDown" finished-at="2025-03-08T12:11:04 IST" duration-ms="74" status="PASS">
          <reporter-output>
          </reporter-output>
        </test-method> <!-- tearDown -->
      </class> <!-- testCases.TC02_LoginTest -->
    </test> <!-- Test -->
  </suite> <!-- MasterSuite -->
</testng-results>
